0 info it worked if it ends with ok
1 verbose cli [ '/home/mgonzo/.nvm/v0.10.38/bin/node',
1 verbose cli   '/home/mgonzo/.nvm/v0.10.38/bin/npm',
1 verbose cli   'install',
1 verbose cli   'gulp-sourcemaps',
1 verbose cli   '--save-dev' ]
2 info using npm@1.4.28
3 info using node@v0.10.38
4 error Failed to parse json
4 error Unexpected token }
5 error File: /home/mgonzo/webapps/mgonzomatic/nodeapps/fuerzadlb/package.json
6 error Failed to parse package.json data.
6 error package.json must be actual JSON, not just JavaScript.
6 error
6 error This is not a bug in npm.
6 error Tell the package author to fix their package.json file. JSON.parse
7 error System Linux 3.13.0-43-generic
8 error command "/home/mgonzo/.nvm/v0.10.38/bin/node" "/home/mgonzo/.nvm/v0.10.38/bin/npm" "install" "gulp-sourcemaps" "--save-dev"
9 error cwd /home/mgonzo/webapps/mgonzomatic/nodeapps/fuerzadlb
10 error node -v v0.10.38
11 error npm -v 1.4.28
12 error file /home/mgonzo/webapps/mgonzomatic/nodeapps/fuerzadlb/package.json
13 error code EJSONPARSE
14 verbose exit [ 1, true ]
